Keiros.Native/android/app/build/intermediates/manifest_merge_blame_file/debug/manifest-merger-blame-debug-report.txt
1<?xml version="1.0" encoding="utf-8"?>
2<manifest xmlns:android="http://schemas.android.com/apk/res/android"
3    package="com.Keiros.Native"
4    android:versionCode="1"
5    android:versionName="1.0" >
6
7    <uses-sdk
8        android:minSdkVersion="21"
9        android:targetSdkVersion="33" />
10
11    <uses-permission android:name="android.permission.SYSTEM_ALERT_WINDOW" />
11-->src\debug\AndroidManifest.xml:5:5-77
11-->src\debug\AndroidManifest.xml:5:22-75
12    <uses-permission android:name="android.permission.INTERNET" />
12-->src\main\AndroidManifest.xml:3:3-65
12-->src\main\AndroidManifest.xml:3:20-62
13    <uses-permission android:name="android.permission.READ_MEDIA_IMAGES" />
13-->src\main\AndroidManifest.xml:4:3-74
13-->src\main\AndroidManifest.xml:4:20-71
14    <uses-permission android:name="android.permission.CAMERA" />
14-->src\main\AndroidManifest.xml:5:3-63
14-->src\main\AndroidManifest.xml:5:20-60
15
16    <uses-feature
16-->src\main\AndroidManifest.xml:6:3-83
17        android:name="android.hardware.camera"
17-->src\main\AndroidManifest.xml:6:17-55
18        android:required="false" />
18-->src\main\AndroidManifest.xml:6:56-80
19    <uses-feature
19-->src\main\AndroidManifest.xml:7:3-89
20        android:name="android.hardware.camera.front"
20-->src\main\AndroidManifest.xml:7:17-61
21        android:required="false" />
21-->src\main\AndroidManifest.xml:7:62-86
22
23    <uses-permission android:name="android.permission.ACCESS_WIFI_STATE" />
23-->[com.facebook.flipper:flipper:0.182.0] AndroidManifest.xml:16:5-76
23-->[com.facebook.flipper:flipper:0.182.0] AndroidManifest.xml:16:22-73
24    <uses-permission android:name="android.permission.ACCESS_NETWORK_STATE" />
24-->[:react-native-community_netinfo] AndroidManifest.xml:7:5-79
24-->[:react-native-community_netinfo] AndroidManifest.xml:7:22-76
25
26    <queries>
26-->[:react-native-image-crop-picker] AndroidManifest.xml:7:5-11:15
27        <intent>
27-->[:react-native-image-crop-picker] AndroidManifest.xml:8:9-10:18
28            <action android:name="android.media.action.IMAGE_CAPTURE" />
28-->[:react-native-image-crop-picker] AndroidManifest.xml:9:13-73
28-->[:react-native-image-crop-picker] AndroidManifest.xml:9:21-70
29        </intent>
30        <!-- Needs to be explicitly declared on Android R+ -->
31        <package android:name="com.google.android.apps.maps" />
31-->[com.google.android.gms:play-services-maps:18.0.2] AndroidManifest.xml:33:9-64
31-->[com.google.android.gms:play-services-maps:18.0.2] AndroidManifest.xml:33:18-61
32    </queries>
33
34    <uses-permission android:name="android.permission.WRITE_EXTERNAL_STORAGE" />
34-->[:react-native-image-crop-picker] AndroidManifest.xml:13:5-81
34-->[:react-native-image-crop-picker] AndroidManifest.xml:13:22-78
35    <uses-permission android:name="android.permission.READ_EXTERNAL_STORAGE" /> <!-- Required to access Google Play Licensing -->
36    <uses-permission android:name="com.android.vending.CHECK_LICENSE" />
36-->[:rn-fetch-blob] AndroidManifest.xml:8:5-73
36-->[:rn-fetch-blob] AndroidManifest.xml:8:22-70
37    <!--
38         Required to keep CPU alive while downloading files
39        (NOT to keep screen awake)
40    -->
41    <uses-permission android:name="android.permission.WAKE_LOCK" />
41-->[:rn-fetch-blob] AndroidManifest.xml:17:5-68
41-->[:rn-fetch-blob] AndroidManifest.xml:17:22-65
42
43    <uses-feature
43-->[com.google.android.gms:play-services-maps:18.0.2] AndroidManifest.xml:26:5-28:35
44        android:glEsVersion="0x00020000"
44-->[com.google.android.gms:play-services-maps:18.0.2] AndroidManifest.xml:27:9-41
45        android:required="true" />
45-->[com.google.android.gms:play-services-maps:18.0.2] AndroidManifest.xml:28:9-32
46
47    <uses-permission android:name="android.permission.RECEIVE_BOOT_COMPLETED" />
47-->[androidx.work:work-runtime:2.7.1] AndroidManifest.xml:27:5-81
47-->[androidx.work:work-runtime:2.7.1] AndroidManifest.xml:27:22-78
48    <uses-permission android:name="android.permission.FOREGROUND_SERVICE" />
48-->[androidx.work:work-runtime:2.7.1] AndroidManifest.xml:28:5-77
48-->[androidx.work:work-runtime:2.7.1] AndroidManifest.xml:28:22-74
49
50    <application
50-->src\main\AndroidManifest.xml:8:3-27:17
51        android:name="com.Keiros.Native.MainApplication"
51-->src\main\AndroidManifest.xml:9:5-36
52        android:allowBackup="false"
52-->src\main\AndroidManifest.xml:13:5-32
53        android:appComponentFactory="androidx.core.app.CoreComponentFactory"
53-->[androidx.core:core:1.8.0] AndroidManifest.xml:24:18-86
54        android:debuggable="true"
55        android:icon="@mipmap/ic_launcher"
55-->src\main\AndroidManifest.xml:11:5-39
56        android:label="@string/app_name"
56-->src\main\AndroidManifest.xml:10:5-37
57        android:roundIcon="@mipmap/ic_launcher_round"
57-->src\main\AndroidManifest.xml:12:5-50
58        android:theme="@style/AppTheme"
58-->src\main\AndroidManifest.xml:14:5-36
59        android:usesCleartextTraffic="true" >
59-->src\debug\AndroidManifest.xml:8:9-44
60        <activity
60-->src\debug\AndroidManifest.xml:11:9-111
61            android:name="com.facebook.react.devsupport.DevSettingsActivity"
61-->src\debug\AndroidManifest.xml:11:19-83
62            android:exported="false" />
62-->src\debug\AndroidManifest.xml:11:84-108
63        <activity
63-->src\main\AndroidManifest.xml:15:5-26:16
64            android:name="com.Keiros.Native.MainActivity"
64-->src\main\AndroidManifest.xml:16:7-35
65            android:configChanges="keyboard|keyboardHidden|orientation|screenLayout|screenSize|smallestScreenSize|uiMode"
65-->src\main\AndroidManifest.xml:18:7-116
66            android:exported="true"
66-->src\main\AndroidManifest.xml:21:7-30
67            android:label="@string/app_name"
67-->src\main\AndroidManifest.xml:17:7-39
68            android:launchMode="singleTask"
68-->src\main\AndroidManifest.xml:19:7-38
69            android:windowSoftInputMode="adjustResize" >
69-->src\main\AndroidManifest.xml:20:7-49
70            <intent-filter>
70-->src\main\AndroidManifest.xml:22:7-25:23
71                <action android:name="android.intent.action.MAIN" />
71-->src\main\AndroidManifest.xml:23:9-61
71-->src\main\AndroidManifest.xml:23:17-58
72
73                <category android:name="android.intent.category.LAUNCHER" />
73-->src\main\AndroidManifest.xml:24:9-69
73-->src\main\AndroidManifest.xml:24:19-66
74            </intent-filter>
75        </activity>
76
77        <provider
77-->[:react-native-image-crop-picker] AndroidManifest.xml:16:9-24:20
78            android:name="com.reactnative.ivpusic.imagepicker.IvpusicImagePickerFileProvider"
78-->[:react-native-image-crop-picker] AndroidManifest.xml:17:13-94
79            android:authorities="com.Keiros.Native.provider"
79-->[:react-native-image-crop-picker] AndroidManifest.xml:18:13-60
80            android:exported="false"
80-->[:react-native-image-crop-picker] AndroidManifest.xml:19:13-37
81            android:grantUriPermissions="true" >
81-->[:react-native-image-crop-picker] AndroidManifest.xml:20:13-47
82            <meta-data
82-->[:react-native-image-crop-picker] AndroidManifest.xml:21:13-23:78
83                android:name="android.support.FILE_PROVIDER_PATHS"
83-->[:react-native-image-crop-picker] AndroidManifest.xml:22:17-67
84                android:resource="@xml/ivpusic_imagepicker_provider_paths" />
84-->[:react-native-image-crop-picker] AndroidManifest.xml:23:17-75
85        </provider>
86
87        <activity
87-->[:react-native-image-crop-picker] AndroidManifest.xml:26:9-28:72
88            android:name="com.yalantis.ucrop.UCropActivity"
88-->[:react-native-image-crop-picker] AndroidManifest.xml:27:13-60
89            android:theme="@style/Theme.AppCompat.Light.NoActionBar" />
89-->[:react-native-image-crop-picker] AndroidManifest.xml:28:13-69
90
91        <provider
91-->[:react-native-image-picker] AndroidManifest.xml:8:9-16:20
92            android:name="com.imagepicker.ImagePickerProvider"
92-->[:react-native-image-picker] AndroidManifest.xml:9:13-63
93            android:authorities="com.Keiros.Native.imagepickerprovider"
93-->[:react-native-image-picker] AndroidManifest.xml:10:13-71
94            android:exported="false"
94-->[:react-native-image-picker] AndroidManifest.xml:11:13-37
95            android:grantUriPermissions="true" >
95-->[:react-native-image-picker] AndroidManifest.xml:12:13-47
96            <meta-data
96-->[:react-native-image-crop-picker] AndroidManifest.xml:21:13-23:78
97                android:name="android.support.FILE_PROVIDER_PATHS"
97-->[:react-native-image-crop-picker] AndroidManifest.xml:22:17-67
98                android:resource="@xml/imagepicker_provider_paths" />
98-->[:react-native-image-crop-picker] AndroidManifest.xml:23:17-75
99        </provider>
100        <provider
100-->[:rn-fetch-blob] AndroidManifest.xml:32:9-40:20
101            android:name="com.RNFetchBlob.Utils.FileProvider"
101-->[:rn-fetch-blob] AndroidManifest.xml:33:13-62
102            android:authorities="com.Keiros.Native.provider"
102-->[:rn-fetch-blob] AndroidManifest.xml:34:13-60
103            android:exported="false"
103-->[:rn-fetch-blob] AndroidManifest.xml:35:13-37
104            android:grantUriPermissions="true" >
104-->[:rn-fetch-blob] AndroidManifest.xml:36:13-47
105            <meta-data
105-->[:react-native-image-crop-picker] AndroidManifest.xml:21:13-23:78
106                android:name="android.support.FILE_PROVIDER_PATHS"
106-->[:react-native-image-crop-picker] AndroidManifest.xml:22:17-67
107                android:resource="@xml/provider_paths" />
107-->[:react-native-image-crop-picker] AndroidManifest.xml:23:17-75
108        </provider> <!-- Needs to be explicitly declared on P+ -->
109        <uses-library
109-->[com.google.android.gms:play-services-maps:18.0.2] AndroidManifest.xml:39:9-41:40
110            android:name="org.apache.http.legacy"
110-->[com.google.android.gms:play-services-maps:18.0.2] AndroidManifest.xml:40:13-50
111            android:required="false" />
111-->[com.google.android.gms:play-services-maps:18.0.2] AndroidManifest.xml:41:13-37
112
113        <activity
113-->[com.google.android.gms:play-services-base:18.1.0] AndroidManifest.xml:20:9-22:45
114            android:name="com.google.android.gms.common.api.GoogleApiActivity"
114-->[com.google.android.gms:play-services-base:18.1.0] AndroidManifest.xml:20:19-85
115            android:exported="false"
115-->[com.google.android.gms:play-services-base:18.1.0] AndroidManifest.xml:22:19-43
116            android:theme="@android:style/Theme.Translucent.NoTitleBar" />
116-->[com.google.android.gms:play-services-base:18.1.0] AndroidManifest.xml:21:19-78
117
118        <meta-data
118-->[com.google.android.gms:play-services-basement:18.1.0] AndroidManifest.xml:21:9-23:69
119            android:name="com.google.android.gms.version"
119-->[com.google.android.gms:play-services-basement:18.1.0] AndroidManifest.xml:22:13-58
120            android:value="@integer/google_play_services_version" />
120-->[com.google.android.gms:play-services-basement:18.1.0] AndroidManifest.xml:23:13-66
121        <meta-data
121-->[com.facebook.soloader:soloader:0.10.5] AndroidManifest.xml:12:9-14:37
122            android:name="com.facebook.soloader.enabled"
122-->[com.facebook.soloader:soloader:0.10.5] AndroidManifest.xml:13:13-57
123            android:value="false" />
123-->[com.facebook.soloader:soloader:0.10.5] AndroidManifest.xml:14:13-34
124
125        <provider
125-->[androidx.work:work-runtime:2.7.1] AndroidManifest.xml:31:9-39:20
126            android:name="androidx.startup.InitializationProvider"
126-->[androidx.work:work-runtime:2.7.1] AndroidManifest.xml:32:13-67
127            android:authorities="com.Keiros.Native.androidx-startup"
127-->[androidx.work:work-runtime:2.7.1] AndroidManifest.xml:33:13-68
128            android:exported="false" >
128-->[androidx.work:work-runtime:2.7.1] AndroidManifest.xml:34:13-37
129            <meta-data
129-->[androidx.work:work-runtime:2.7.1] AndroidManifest.xml:36:13-38:52
130                android:name="androidx.work.WorkManagerInitializer"
130-->[androidx.work:work-runtime:2.7.1] AndroidManifest.xml:37:17-68
131                android:value="androidx.startup" />
131-->[androidx.work:work-runtime:2.7.1] AndroidManifest.xml:38:17-49
132            <meta-data
132-->[androidx.emoji2:emoji2:1.2.0] AndroidManifest.xml:29:13-31:52
133                android:name="androidx.emoji2.text.EmojiCompatInitializer"
133-->[androidx.emoji2:emoji2:1.2.0] AndroidManifest.xml:30:17-75
134                android:value="androidx.startup" />
134-->[androidx.emoji2:emoji2:1.2.0] AndroidManifest.xml:31:17-49
135            <meta-data
135-->[androidx.lifecycle:lifecycle-process:2.4.1] AndroidManifest.xml:31:13-33:52
136                android:name="androidx.lifecycle.ProcessLifecycleInitializer"
136-->[androidx.lifecycle:lifecycle-process:2.4.1] AndroidManifest.xml:32:17-78
137                android:value="androidx.startup" />
137-->[androidx.lifecycle:lifecycle-process:2.4.1] AndroidManifest.xml:33:17-49
138        </provider>
139
140        <service
140-->[androidx.work:work-runtime:2.7.1] AndroidManifest.xml:41:9-46:35
141            android:name="androidx.work.impl.background.systemalarm.SystemAlarmService"
141-->[androidx.work:work-runtime:2.7.1] AndroidManifest.xml:42:13-88
142            android:directBootAware="false"
142-->[androidx.work:work-runtime:2.7.1] AndroidManifest.xml:43:13-44
143            android:enabled="@bool/enable_system_alarm_service_default"
143-->[androidx.work:work-runtime:2.7.1] AndroidManifest.xml:44:13-72
144            android:exported="false" />
144-->[androidx.work:work-runtime:2.7.1] AndroidManifest.xml:45:13-37
145        <service
145-->[androidx.work:work-runtime:2.7.1] AndroidManifest.xml:47:9-53:35
146            android:name="androidx.work.impl.background.systemjob.SystemJobService"
146-->[androidx.work:work-runtime:2.7.1] AndroidManifest.xml:48:13-84
147            android:directBootAware="false"
147-->[androidx.work:work-runtime:2.7.1] AndroidManifest.xml:49:13-44
148            android:enabled="@bool/enable_system_job_service_default"
148-->[androidx.work:work-runtime:2.7.1] AndroidManifest.xml:50:13-70
149            android:exported="true"
149-->[androidx.work:work-runtime:2.7.1] AndroidManifest.xml:51:13-36
150            android:permission="android.permission.BIND_JOB_SERVICE" />
150-->[androidx.work:work-runtime:2.7.1] AndroidManifest.xml:52:13-69
151        <service
151-->[androidx.work:work-runtime:2.7.1] AndroidManifest.xml:54:9-59:35
152            android:name="androidx.work.impl.foreground.SystemForegroundService"
152-->[androidx.work:work-runtime:2.7.1] AndroidManifest.xml:55:13-81
153            android:directBootAware="false"
153-->[androidx.work:work-runtime:2.7.1] AndroidManifest.xml:56:13-44
154            android:enabled="@bool/enable_system_foreground_service_default"
154-->[androidx.work:work-runtime:2.7.1] AndroidManifest.xml:57:13-77
155            android:exported="false" />
155-->[androidx.work:work-runtime:2.7.1] AndroidManifest.xml:58:13-37
156
157        <receiver
157-->[androidx.work:work-runtime:2.7.1] AndroidManifest.xml:61:9-66:35
158            android:name="androidx.work.impl.utils.ForceStopRunnable$BroadcastReceiver"
158-->[androidx.work:work-runtime:2.7.1] AndroidManifest.xml:62:13-88
159            android:directBootAware="false"
159-->[androidx.work:work-runtime:2.7.1] AndroidManifest.xml:63:13-44
160            android:enabled="true"
160-->[androidx.work:work-runtime:2.7.1] AndroidManifest.xml:64:13-35
161            android:exported="false" />
161-->[androidx.work:work-runtime:2.7.1] AndroidManifest.xml:65:13-37
162        <receiver
162-->[androidx.work:work-runtime:2.7.1] AndroidManifest.xml:67:9-77:20
163            android:name="androidx.work.impl.background.systemalarm.ConstraintProxy$BatteryChargingProxy"
163-->[androidx.work:work-runtime:2.7.1] AndroidManifest.xml:68:13-106
164            android:directBootAware="false"
164-->[androidx.work:work-runtime:2.7.1] AndroidManifest.xml:69:13-44
165            android:enabled="false"
165-->[androidx.work:work-runtime:2.7.1] AndroidManifest.xml:70:13-36
166            android:exported="false" >
166-->[androidx.work:work-runtime:2.7.1] AndroidManifest.xml:71:13-37
167            <intent-filter>
167-->[androidx.work:work-runtime:2.7.1] AndroidManifest.xml:73:13-76:29
168                <action android:name="android.intent.action.ACTION_POWER_CONNECTED" />
168-->[androidx.work:work-runtime:2.7.1] AndroidManifest.xml:74:17-87
168-->[androidx.work:work-runtime:2.7.1] AndroidManifest.xml:74:25-84
169                <action android:name="android.intent.action.ACTION_POWER_DISCONNECTED" />
169-->[androidx.work:work-runtime:2.7.1] AndroidManifest.xml:75:17-90
169-->[androidx.work:work-runtime:2.7.1] AndroidManifest.xml:75:25-87
170            </intent-filter>
171        </receiver>
172        <receiver
172-->[androidx.work:work-runtime:2.7.1] AndroidManifest.xml:78:9-88:20
173            android:name="androidx.work.impl.background.systemalarm.ConstraintProxy$BatteryNotLowProxy"
173-->[androidx.work:work-runtime:2.7.1] AndroidManifest.xml:79:13-104
174            android:directBootAware="false"
174-->[androidx.work:work-runtime:2.7.1] AndroidManifest.xml:80:13-44
175            android:enabled="false"
175-->[androidx.work:work-runtime:2.7.1] AndroidManifest.xml:81:13-36
176            android:exported="false" >
176-->[androidx.work:work-runtime:2.7.1] AndroidManifest.xml:82:13-37
177            <intent-filter>
177-->[androidx.work:work-runtime:2.7.1] AndroidManifest.xml:84:13-87:29
178                <action android:name="android.intent.action.BATTERY_OKAY" />
178-->[androidx.work:work-runtime:2.7.1] AndroidManifest.xml:85:17-77
178-->[androidx.work:work-runtime:2.7.1] AndroidManifest.xml:85:25-74
179                <action android:name="android.intent.action.BATTERY_LOW" />
179-->[androidx.work:work-runtime:2.7.1] AndroidManifest.xml:86:17-76
179-->[androidx.work:work-runtime:2.7.1] AndroidManifest.xml:86:25-73
180            </intent-filter>
181        </receiver>
182        <receiver
182-->[androidx.work:work-runtime:2.7.1] AndroidManifest.xml:89:9-99:20
183            android:name="androidx.work.impl.background.systemalarm.ConstraintProxy$StorageNotLowProxy"
183-->[androidx.work:work-runtime:2.7.1] AndroidManifest.xml:90:13-104
184            android:directBootAware="false"
184-->[androidx.work:work-runtime:2.7.1] AndroidManifest.xml:91:13-44
185            android:enabled="false"
185-->[androidx.work:work-runtime:2.7.1] AndroidManifest.xml:92:13-36
186            android:exported="false" >
186-->[androidx.work:work-runtime:2.7.1] AndroidManifest.xml:93:13-37
187            <intent-filter>
187-->[androidx.work:work-runtime:2.7.1] AndroidManifest.xml:95:13-98:29
188                <action android:name="android.intent.action.DEVICE_STORAGE_LOW" />
188-->[androidx.work:work-runtime:2.7.1] AndroidManifest.xml:96:17-83
188-->[androidx.work:work-runtime:2.7.1] AndroidManifest.xml:96:25-80
189                <action android:name="android.intent.action.DEVICE_STORAGE_OK" />
189-->[androidx.work:work-runtime:2.7.1] AndroidManifest.xml:97:17-82
189-->[androidx.work:work-runtime:2.7.1] AndroidManifest.xml:97:25-79
190            </intent-filter>
191        </receiver>
192        <receiver
192-->[androidx.work:work-runtime:2.7.1] AndroidManifest.xml:100:9-109:20
193            android:name="androidx.work.impl.background.systemalarm.ConstraintProxy$NetworkStateProxy"
193-->[androidx.work:work-runtime:2.7.1] AndroidManifest.xml:101:13-103
194            android:directBootAware="false"
194-->[androidx.work:work-runtime:2.7.1] AndroidManifest.xml:102:13-44
195            android:enabled="false"
195-->[androidx.work:work-runtime:2.7.1] AndroidManifest.xml:103:13-36
196            android:exported="false" >
196-->[androidx.work:work-runtime:2.7.1] AndroidManifest.xml:104:13-37
197            <intent-filter>
197-->[androidx.work:work-runtime:2.7.1] AndroidManifest.xml:106:13-108:29
198                <action android:name="android.net.conn.CONNECTIVITY_CHANGE" />
198-->[androidx.work:work-runtime:2.7.1] AndroidManifest.xml:107:17-79
198-->[androidx.work:work-runtime:2.7.1] AndroidManifest.xml:107:25-76
199            </intent-filter>
200        </receiver>
201        <receiver
201-->[androidx.work:work-runtime:2.7.1] AndroidManifest.xml:110:9-121:20
202            android:name="androidx.work.impl.background.systemalarm.RescheduleReceiver"
202-->[androidx.work:work-runtime:2.7.1] AndroidManifest.xml:111:13-88
203            android:directBootAware="false"
203-->[androidx.work:work-runtime:2.7.1] AndroidManifest.xml:112:13-44
204            android:enabled="false"
204-->[androidx.work:work-runtime:2.7.1] AndroidManifest.xml:113:13-36
205            android:exported="false" >
205-->[androidx.work:work-runtime:2.7.1] AndroidManifest.xml:114:13-37
206            <intent-filter>
206-->[androidx.work:work-runtime:2.7.1] AndroidManifest.xml:116:13-120:29
207                <action android:name="android.intent.action.BOOT_COMPLETED" />
207-->[androidx.work:work-runtime:2.7.1] AndroidManifest.xml:117:17-79
207-->[androidx.work:work-runtime:2.7.1] AndroidManifest.xml:117:25-76
208                <action android:name="android.intent.action.TIME_SET" />
208-->[androidx.work:work-runtime:2.7.1] AndroidManifest.xml:118:17-73
208-->[androidx.work:work-runtime:2.7.1] AndroidManifest.xml:118:25-70
209                <action android:name="android.intent.action.TIMEZONE_CHANGED" />
209-->[androidx.work:work-runtime:2.7.1] AndroidManifest.xml:119:17-81
209-->[androidx.work:work-runtime:2.7.1] AndroidManifest.xml:119:25-78
210            </intent-filter>
211        </receiver>
212        <receiver
212-->[androidx.work:work-runtime:2.7.1] AndroidManifest.xml:122:9-131:20
213            android:name="androidx.work.impl.background.systemalarm.ConstraintProxyUpdateReceiver"
213-->[androidx.work:work-runtime:2.7.1] AndroidManifest.xml:123:13-99
214            android:directBootAware="false"
214-->[androidx.work:work-runtime:2.7.1] AndroidManifest.xml:124:13-44
215            android:enabled="@bool/enable_system_alarm_service_default"
215-->[androidx.work:work-runtime:2.7.1] AndroidManifest.xml:125:13-72
216            android:exported="false" >
216-->[androidx.work:work-runtime:2.7.1] AndroidManifest.xml:126:13-37
217            <intent-filter>
217-->[androidx.work:work-runtime:2.7.1] AndroidManifest.xml:128:13-130:29
218                <action android:name="androidx.work.impl.background.systemalarm.UpdateProxies" />
218-->[androidx.work:work-runtime:2.7.1] AndroidManifest.xml:129:17-98
218-->[androidx.work:work-runtime:2.7.1] AndroidManifest.xml:129:25-95
219            </intent-filter>
220        </receiver>
221        <receiver
221-->[androidx.work:work-runtime:2.7.1] AndroidManifest.xml:132:9-142:20
222            android:name="androidx.work.impl.diagnostics.DiagnosticsReceiver"
222-->[androidx.work:work-runtime:2.7.1] AndroidManifest.xml:133:13-78
223            android:directBootAware="false"
223-->[androidx.work:work-runtime:2.7.1] AndroidManifest.xml:134:13-44
224            android:enabled="true"
224-->[androidx.work:work-runtime:2.7.1] AndroidManifest.xml:135:13-35
225            android:exported="true"
225-->[androidx.work:work-runtime:2.7.1] AndroidManifest.xml:136:13-36
226            android:permission="android.permission.DUMP" >
226-->[androidx.work:work-runtime:2.7.1] AndroidManifest.xml:137:13-57
227            <intent-filter>
227-->[androidx.work:work-runtime:2.7.1] AndroidManifest.xml:139:13-141:29
228                <action android:name="androidx.work.diagnostics.REQUEST_DIAGNOSTICS" />
228-->[androidx.work:work-runtime:2.7.1] AndroidManifest.xml:140:17-88
228-->[androidx.work:work-runtime:2.7.1] AndroidManifest.xml:140:25-85
229            </intent-filter>
230        </receiver>
231
232        <service
232-->[androidx.room:room-runtime:2.2.5] AndroidManifest.xml:25:9-28:40
233            android:name="androidx.room.MultiInstanceInvalidationService"
233-->[androidx.room:room-runtime:2.2.5] AndroidManifest.xml:26:13-74
234            android:directBootAware="true"
234-->[androidx.room:room-runtime:2.2.5] AndroidManifest.xml:27:13-43
235            android:exported="false" />
235-->[androidx.room:room-runtime:2.2.5] AndroidManifest.xml:28:13-37
236    </application>
237
238</manifest>